0 info it worked if it ends with ok
1 verbose cli [ 'C:\\Program Files (x86)\\nodejs\\\\node.exe',
1 verbose cli   'C:\\Program Files (x86)\\nodejs\\node_modules\\npm\\bin\\npm-cli.js',
1 verbose cli   'publish' ]
2 info using npm@1.1.66
3 info using node@v0.8.15
4 verbose node symlink C:\Program Files (x86)\nodejs\\node.exe
5 verbose publish [ '.' ]
6 verbose read json D:\work\KrasimirTsonev\github\auxilio-backend\package.json
7 verbose cache add [ '.', null ]
8 silly cache add name=undefined spec="." args=[".",null]
9 verbose parsed url { pathname: '.', path: '.', href: '.' }
10 silly lockFile 3a52ce78- .
11 verbose lock . C:\Users\krasimir\AppData\Roaming\npm-cache\3a52ce78-.lock
12 verbose read json package.json
13 verbose tar pack [ 'C:\\Users\\krasimir\\AppData\\Local\\Temp\\npm-7080\\1371763129077-0.4040581085719168\\tmp.tgz',
13 verbose tar pack   '.' ]
14 verbose tarball C:\Users\krasimir\AppData\Local\Temp\npm-7080\1371763129077-0.4040581085719168\tmp.tgz
15 verbose folder .
16 info prepublish auxilio-backend@0.0.35
17 silly lockFile eb570fdc-29077-0-4040581085719168-tmp-tgz C:\Users\krasimir\AppData\Local\Temp\npm-7080\1371763129077-0.4040581085719168\tmp.tgz
18 verbose lock C:\Users\krasimir\AppData\Local\Temp\npm-7080\1371763129077-0.4040581085719168\tmp.tgz C:\Users\krasimir\AppData\Roaming\npm-cache\eb570fdc-29077-0-4040581085719168-tmp-tgz.lock
19 silly lockFile eb570fdc-29077-0-4040581085719168-tmp-tgz C:\Users\krasimir\AppData\Local\Temp\npm-7080\1371763129077-0.4040581085719168\tmp.tgz
20 verbose tar unpack C:\Users\krasimir\AppData\Local\Temp\npm-7080\1371763129077-0.4040581085719168\tmp.tgz
21 silly lockFile 4e8d9aea-29077-0-4040581085719168-package C:\Users\krasimir\AppData\Local\Temp\npm-7080\1371763129077-0.4040581085719168\package
22 verbose lock C:\Users\krasimir\AppData\Local\Temp\npm-7080\1371763129077-0.4040581085719168\package C:\Users\krasimir\AppData\Roaming\npm-cache\4e8d9aea-29077-0-4040581085719168-package.lock
23 silly gunzTarPerm modes [ '755', '644' ]
24 silly gunzTarPerm extractEntry package.json
25 silly gunzTarPerm modified mode [ 'package.json', 438, 420 ]
26 silly gunzTarPerm extractEntry .npmignore
27 silly gunzTarPerm modified mode [ '.npmignore', 438, 420 ]
28 silly gunzTarPerm extractEntry README.md
29 silly gunzTarPerm modified mode [ 'README.md', 438, 420 ]
30 silly gunzTarPerm extractEntry index.js
31 silly gunzTarPerm modified mode [ 'index.js', 438, 420 ]
32 verbose read json C:\Users\krasimir\AppData\Local\Temp\npm-7080\1371763129077-0.4040581085719168\package\package.json
33 silly lockFile 4e8d9aea-29077-0-4040581085719168-package C:\Users\krasimir\AppData\Local\Temp\npm-7080\1371763129077-0.4040581085719168\package
34 verbose from cache C:\Users\krasimir\AppData\Local\Temp\npm-7080\1371763129077-0.4040581085719168\package\package.json
35 verbose tar pack [ 'C:\\Users\\krasimir\\AppData\\Roaming\\npm-cache\\auxilio-backend\\0.0.35\\package.tgz',
35 verbose tar pack   'C:\\Users\\krasimir\\AppData\\Local\\Temp\\npm-7080\\1371763129077-0.4040581085719168\\package' ]
36 verbose tarball C:\Users\krasimir\AppData\Roaming\npm-cache\auxilio-backend\0.0.35\package.tgz
37 verbose folder C:\Users\krasimir\AppData\Local\Temp\npm-7080\1371763129077-0.4040581085719168\package
38 silly lockFile 9006c7b8-xilio-backend-0-0-35-package-tgz C:\Users\krasimir\AppData\Roaming\npm-cache\auxilio-backend\0.0.35\package.tgz
39 verbose lock C:\Users\krasimir\AppData\Roaming\npm-cache\auxilio-backend\0.0.35\package.tgz C:\Users\krasimir\AppData\Roaming\npm-cache\9006c7b8-xilio-backend-0-0-35-package-tgz.lock
40 silly lockFile 9006c7b8-xilio-backend-0-0-35-package-tgz C:\Users\krasimir\AppData\Roaming\npm-cache\auxilio-backend\0.0.35\package.tgz
41 silly lockFile 73c77422-e-auxilio-backend-0-0-35-package C:\Users\krasimir\AppData\Roaming\npm-cache\auxilio-backend\0.0.35\package
42 verbose lock C:\Users\krasimir\AppData\Roaming\npm-cache\auxilio-backend\0.0.35\package C:\Users\krasimir\AppData\Roaming\npm-cache\73c77422-e-auxilio-backend-0-0-35-package.lock
43 silly lockFile 73c77422-e-auxilio-backend-0-0-35-package C:\Users\krasimir\AppData\Roaming\npm-cache\auxilio-backend\0.0.35\package
44 verbose tar unpack C:\Users\krasimir\AppData\Roaming\npm-cache\auxilio-backend\0.0.35\package.tgz
45 silly lockFile 73c77422-e-auxilio-backend-0-0-35-package C:\Users\krasimir\AppData\Roaming\npm-cache\auxilio-backend\0.0.35\package
46 verbose lock C:\Users\krasimir\AppData\Roaming\npm-cache\auxilio-backend\0.0.35\package C:\Users\krasimir\AppData\Roaming\npm-cache\73c77422-e-auxilio-backend-0-0-35-package.lock
47 silly gunzTarPerm modes [ '755', '644' ]
48 silly gunzTarPerm extractEntry package.json
49 silly gunzTarPerm modified mode [ 'package.json', 438, 420 ]
50 silly gunzTarPerm extractEntry .npmignore
51 silly gunzTarPerm modified mode [ '.npmignore', 438, 420 ]
52 silly gunzTarPerm extractEntry README.md
53 silly gunzTarPerm modified mode [ 'README.md', 438, 420 ]
54 silly gunzTarPerm extractEntry index.js
55 silly gunzTarPerm modified mode [ 'index.js', 438, 420 ]
56 verbose read json C:\Users\krasimir\AppData\Roaming\npm-cache\auxilio-backend\0.0.35\package\package.json
57 silly lockFile 73c77422-e-auxilio-backend-0-0-35-package C:\Users\krasimir\AppData\Roaming\npm-cache\auxilio-backend\0.0.35\package
58 silly shasum updated bytes 1431
59 info shasum c5922fe6dc8d2e11cd99bc5009a6d172fda4391d
59 info shasum C:\Users\krasimir\AppData\Roaming\npm-cache\auxilio-backend\0.0.35\package.tgz
60 verbose from cache C:\Users\krasimir\AppData\Roaming\npm-cache\auxilio-backend\0.0.35\package\package.json
61 verbose chmod C:\Users\krasimir\AppData\Roaming\npm-cache\auxilio-backend\0.0.35\package.tgz 644
62 silly chown skipping for windows C:\Users\krasimir\AppData\Roaming\npm-cache\auxilio-backend\0.0.35\package.tgz
63 silly lockFile 3a52ce78- .
64 silly publish { name: 'auxilio-backend',
64 silly publish   version: '0.0.35',
64 silly publish   homepage: 'https://github.com/krasimir/auxilio-backend',
64 silly publish   description: 'The server responding on auxilio chrome extension',
64 silly publish   main: 'index.js',
64 silly publish   author: { name: 'Krasimir Tsonev' },
64 silly publish   license: 'BSD',
64 silly publish   dependencies: { 'socket.io': '0.9.16', carrier: '0.1.10' },
64 silly publish   keywords: [ 'auxilio', 'chrome', 'extension' ],
64 silly publish   repository:
64 silly publish    { type: 'git',
64 silly publish      url: 'https://github.com/krasimir/auxilio-backend.git' },
64 silly publish   bin: { 'auxilio-backend': './index.js' },
64 silly publish   readme: 'auxilio-backend\r\n===============\r\n\r\nA simple nodejs server which uses socket.io. It bypasses shell commands from the chrome extension to the OS\'s shell.',
64 silly publish   readmeFilename: 'README.md',
64 silly publish   _id: 'auxilio-backend@0.0.35',
64 silly publish   dist: { shasum: 'c5922fe6dc8d2e11cd99bc5009a6d172fda4391d' } }
65 verbose url raw auxilio-backend
66 verbose url resolving [ 'https://registry.npmjs.org/', './auxilio-backend' ]
67 verbose url resolved https://registry.npmjs.org/auxilio-backend
68 info trying registry request attempt 1 at 00:18:49
69 http PUT https://registry.npmjs.org/auxilio-backend
70 http 409 https://registry.npmjs.org/auxilio-backend
71 verbose url raw auxilio-backend
72 verbose url resolving [ 'https://registry.npmjs.org/', './auxilio-backend' ]
73 verbose url resolved https://registry.npmjs.org/auxilio-backend
74 info trying registry request attempt 1 at 00:18:51
75 http GET https://registry.npmjs.org/auxilio-backend
76 http 200 https://registry.npmjs.org/auxilio-backend
77 error publish fail Cannot publish over existing version.
77 error publish fail Bump the 'version' field, set the --force flag, or
77 error publish fail     npm unpublish 'auxilio-backend@0.0.35'
77 error publish fail and try again
78 error System Windows_NT 6.1.7600
79 error command "C:\\Program Files (x86)\\nodejs\\\\node.exe" "C:\\Program Files (x86)\\nodejs\\node_modules\\npm\\bin\\npm-cli.js" "publish"
80 error cwd D:\work\KrasimirTsonev\github\auxilio-backend
81 error node -v v0.8.15
82 error npm -v 1.1.66
83 error code EPUBLISHCONFLICT
84 verbose exit [ 1, true ]
